  [1m[35m (195.0ms)[0m  [1m[35mCREATE DATABASE "routes_and_controllers_development" ENCODING = 'unicode'[0m
  [1m[35m (88.2ms)[0m  [1m[35mCREATE DATABASE "routes_and_controllers_test" ENCODING = 'unicode'[0m
Started GET "/users" for ::1 at 2022-11-09 16:04:04 -0800

ActionController::RoutingError - uninitialized constant UsersController
      Object.const_get(camel_cased_word)
            ^^^^^^^^^^
            raise MissingController.new(error.message, error.name)
            ^^^^^:

Started POST "/__better_errors/6652432ebf08dcf0/variables" for ::1 at 2022-11-09 16:04:04 -0800
Started GET "/users" for ::1 at 2022-11-09 16:07:17 -0800
  
ActionController::RoutingError (No route matches [GET] "/users"):
  
Started DELETE "/users" for ::1 at 2022-11-09 16:09:10 -0800
  
ActionController::RoutingError (No route matches [DELETE] "/users"):
  
Started GET "/users" for ::1 at 2022-11-09 16:09:18 -0800
  
ActionController::RoutingError (No route matches [GET] "/users"):
  
Started GET "/users" for ::1 at 2022-11-09 16:10:38 -0800
  
ActionController::RoutingError (No route matches [GET] "/users"):
  
Started GET "/users" for ::1 at 2022-11-09 16:13:56 -0800
  
ActionController::RoutingError (No route matches [GET] "/users"):
  
Started GET "/users" for ::1 at 2022-11-09 16:13:57 -0800
  
ActionController::RoutingError (No route matches [GET] "/users"):
  
Started GET "/users" for ::1 at 2022-11-09 16:14:05 -0800
  
ActionController::RoutingError (No route matches [GET] "/users"):
  
Started GET "/users" for ::1 at 2022-11-09 16:14:31 -0800
  
ActionController::RoutingError (No route matches [GET] "/users"):
  
Started GET "/users" for ::1 at 2022-11-09 16:14:35 -0800
  
ActionController::RoutingError (No route matches [GET] "/users"):
  
Started GET "/users" for ::1 at 2022-11-09 16:14:36 -0800
  
ActionController::RoutingError (No route matches [GET] "/users"):
  
Started GET "/users" for ::1 at 2022-11-09 16:14:37 -0800
  
ActionController::RoutingError (No route matches [GET] "/users"):
  
Started GET "/users" for ::1 at 2022-11-09 16:14:37 -0800
  
ActionController::RoutingError (No route matches [GET] "/users"):
  
Started GET "/users" for ::1 at 2022-11-09 16:15:53 -0800
Processing by UsersController#index as */*
  Parameters: {"chirp"=>{"body"=>"shaye is cool", "id"=>"15"}}
  Rendering text template
  Rendered text template (Duration: 0.0ms | Allocations: 9)
Completed 200 OK in 7ms (Views: 6.5ms | ActiveRecord: 0.0ms | Allocations: 710)


Started GET "/users" for ::1 at 2022-11-09 16:16:11 -0800
Processing by UsersController#index as HTML
  Rendering text template
  Rendered text template (Duration: 0.0ms | Allocations: 4)
Completed 200 OK in 1ms (Views: 0.4ms | ActiveRecord: 0.0ms | Allocations: 162)


Started GET "/users?fav_music=metal" for ::1 at 2022-11-09 16:19:01 -0800
Processing by UsersController#index as */*
  Parameters: {"chirp"=>{"body"=>"shaye is cool", "id"=>"15"}, "fav_music"=>"metal"}
Completed 200 OK in 2ms (Views: 1.3ms | ActiveRecord: 0.0ms | Allocations: 281)


Started GET "/users?morgan_cool=true" for ::1 at 2022-11-09 16:20:06 -0800
Processing by UsersController#index as */*
  Parameters: {"chirp"=>{"body"=>"shaye is cool", "id"=>"15"}, "morgan_cool"=>"true"}
Completed 200 OK in 0ms (Views: 0.2ms | ActiveRecord: 0.0ms | Allocations: 138)


Started GET "/users?lamb_best_meat=true" for ::1 at 2022-11-09 16:21:06 -0800
Processing by UsersController#index as */*
  Parameters: {"chirp"=>{"body"=>"shaye is cool", "id"=>"15"}, "lamb_best_meat"=>"true"}
Completed 200 OK in 0ms (Views: 0.2ms | ActiveRecord: 0.0ms | Allocations: 135)


Started POST "/users?lamb_best_meat=true" for ::1 at 2022-11-09 16:22:08 -0800

AbstractController::ActionNotFound - The action 'create' could not be found for UsersController:

Started POST "/users?lamb_best_meat=true" for ::1 at 2022-11-09 16:23:23 -0800
Processing by UsersController#create as */*
  Parameters: {"chirp"=>{"body"=>"shaye is cool", "id"=>"15"}, "lamb_best_meat"=>"true"}
Completed 200 OK in 1ms (Views: 0.5ms | ActiveRecord: 0.0ms | Allocations: 237)


Started POST "/users?lamb_best_meat=true" for ::1 at 2022-11-09 16:25:03 -0800
Processing by UsersController#create as */*
  Parameters: {"lamb_best_meat"=>"true"}
Completed 200 OK in 0ms (Views: 0.2ms | ActiveRecord: 0.0ms | Allocations: 211)


Started GET "/users/true" for ::1 at 2022-11-09 16:28:07 -0800
Processing by UsersController#show as */*
  Parameters: {"id"=>"true"}
Completed 200 OK in 1ms (Views: 0.4ms | ActiveRecord: 0.0ms | Allocations: 211)


Started GET "/users/2" for ::1 at 2022-11-09 16:28:24 -0800
Processing by UsersController#show as */*
  Parameters: {"id"=>"2"}
Completed 200 OK in 0ms (Views: 0.1ms | ActiveRecord: 0.0ms | Allocations: 109)


Started GET "/users/100" for ::1 at 2022-11-09 16:28:31 -0800
Processing by UsersController#show as */*
  Parameters: {"id"=>"100"}
Completed 200 OK in 0ms (Views: 0.2ms | ActiveRecord: 0.0ms | Allocations: 109)


Started GET "/users/100000000000" for ::1 at 2022-11-09 16:28:41 -0800
Processing by UsersController#show as */*
  Parameters: {"id"=>"100000000000"}
Completed 200 OK in 0ms (Views: 0.2ms | ActiveRecord: 0.0ms | Allocations: 109)


Started GET "/users/1" for ::1 at 2022-11-09 16:29:15 -0800
Processing by UsersController#show as */*
  Parameters: {"id"=>"1"}
Completed 200 OK in 0ms (Views: 0.1ms | ActiveRecord: 0.0ms | Allocations: 109)


Started GET "/users/:1" for ::1 at 2022-11-09 16:29:24 -0800
Processing by UsersController#show as */*
  Parameters: {"id"=>":1"}
Completed 200 OK in 0ms (Views: 0.2ms | ActiveRecord: 0.0ms | Allocations: 109)


Started GET "/users/:10000000" for ::1 at 2022-11-09 16:29:32 -0800
Processing by UsersController#show as */*
  Parameters: {"id"=>":10000000"}
Completed 200 OK in 2ms (Views: 1.5ms | ActiveRecord: 0.0ms | Allocations: 109)


Started GET "/users/10000000" for ::1 at 2022-11-09 16:29:35 -0800
Processing by UsersController#show as */*
  Parameters: {"id"=>"10000000"}
Completed 200 OK in 0ms (Views: 0.2ms | ActiveRecord: 0.0ms | Allocations: 109)


Started GET "/users?some_category[a_key]=[FILTERED]&some_category[a_second_key]=[FILTERED]&some_category[inner_inner_hash][key]=value&something_else=aaahhhhh" for ::1 at 2022-11-09 16:31:40 -0800
Processing by UsersController#index as */*
  Parameters: {"some_category"=>{"a_key"=>"[FILTERED]", "a_second_key"=>"[FILTERED]", "inner_inner_hash"=>{"key"=>"value"}}, "something_else"=>"aaahhhhh"}
Completed 200 OK in 0ms (Views: 0.2ms | ActiveRecord: 0.0ms | Allocations: 151)


Started POST "/users?some_category[a_key]=[FILTERED]&some_category[a_second_key]=[FILTERED]&some_category[inner_inner_hash][key]=value&something_else=aaahhhhh" for ::1 at 2022-11-09 16:35:26 -0800
Processing by UsersController#create as */*
  Parameters: {"some_category"=>{"a_key"=>"[FILTERED]", "a_second_key"=>"[FILTERED]", "inner_inner_hash"=>{"key"=>"value"}}, "something_else"=>"aaahhhhh"}
Completed 200 OK in 1ms (Views: 0.8ms | Allocations: 243)


